[0.003s] Invoking command in '/home/dh/colcon_ws/build/hw2_pkg': CMAKE_PREFIX_PATH=/opt/ros/humble /usr/bin/cmake /home/dh/colcon_ws/src/hw2_pkg -DCMAKE_INSTALL_PREFIX=/home/dh/colcon_ws/install/hw2_pkg
[0.038s] -- The C compiler identification is GNU 11.4.0
[0.067s] -- The CXX compiler identification is GNU 11.4.0
[0.071s] -- Detecting C compiler ABI info
[0.105s] -- Detecting C compiler ABI info - done
[0.109s] -- Check for working C compiler: /usr/bin/cc - skipped
[0.109s] -- Detecting C compile features
[0.109s] -- Detecting C compile features - done
[0.110s] -- Detecting CXX compiler ABI info
[0.154s] -- Detecting CXX compiler ABI info - done
[0.158s] -- Check for working CXX compiler: /usr/bin/c++ - skipped
[0.158s] -- Detecting CXX compile features
[0.158s] -- Detecting CXX compile features - done
[0.159s] -- Found ament_cmake: 1.3.12 (/opt/ros/humble/share/ament_cmake/cmake)
[0.234s] -- Found Python3: /usr/bin/python3 (found version "3.10.12") found components: Interpreter 
[0.274s] -- Found rclcpp: 16.0.14 (/opt/ros/humble/share/rclcpp/cmake)
[0.290s] -- Found rosidl_generator_c: 3.1.7 (/opt/ros/humble/share/rosidl_generator_c/cmake)
[0.292s] -- Found rosidl_adapter: 3.1.7 (/opt/ros/humble/share/rosidl_adapter/cmake)
[0.295s] -- Found rosidl_generator_cpp: 3.1.7 (/opt/ros/humble/share/rosidl_generator_cpp/cmake)
[0.300s] -- Using all available rosidl_typesupport_c: rosidl_typesupport_fastrtps_c;rosidl_typesupport_introspection_c
[0.307s] -- Using all available rosidl_typesupport_cpp: rosidl_typesupport_fastrtps_cpp;rosidl_typesupport_introspection_cpp
[0.324s] -- Found rmw_implementation_cmake: 6.1.2 (/opt/ros/humble/share/rmw_implementation_cmake/cmake)
[0.325s] -- Found rmw_fastrtps_cpp: 6.2.8 (/opt/ros/humble/share/rmw_fastrtps_cpp/cmake)
[0.375s] -- Found OpenSSL: /usr/lib/x86_64-linux-gnu/libcrypto.so (found version "3.0.2")  
[0.388s] -- Found FastRTPS: /opt/ros/humble/include  
[0.408s] -- Using RMW implementation 'rmw_fastrtps_cpp' as default
[0.413s] -- Looking for pthread.h
[0.472s] -- Looking for pthread.h - found
[0.472s] -- Performing Test CMAKE_HAVE_LIBC_PTHREAD
[0.545s] -- Performing Test CMAKE_HAVE_LIBC_PTHREAD - Success
[0.546s] -- Found Threads: TRUE  
[0.599s] -- Configuring done
[0.602s] -- Generating done
[0.603s] -- Build files have been written to: /home/dh/colcon_ws/build/hw2_pkg
[0.607s] Invoked command in '/home/dh/colcon_ws/build/hw2_pkg' returned '0': CMAKE_PREFIX_PATH=/opt/ros/humble /usr/bin/cmake /home/dh/colcon_ws/src/hw2_pkg -DCMAKE_INSTALL_PREFIX=/home/dh/colcon_ws/install/hw2_pkg
[0.608s] Invoking command in '/home/dh/colcon_ws/build/hw2_pkg': CMAKE_PREFIX_PATH=/opt/ros/humble /usr/bin/cmake --build /home/dh/colcon_ws/build/hw2_pkg -- -j8 -l8
[0.636s] [ 50%] [32mBuilding CXX object CMakeFiles/hw2_pkg.dir/src/node.cpp.o[0m
[0.641s] [01m[K/home/dh/colcon_ws/src/hw2_pkg/src/node.cpp:[m[K In function ‘[01m[Kint main(int, char**)[m[K’:
[0.641s] [01m[K/home/dh/colcon_ws/src/hw2_pkg/src/node.cpp:1:14:[m[K [01;35m[Kwarning: [m[Kunused parameter ‘[01m[Kargc[m[K’ [[01;35m[K]8;;https://gcc.gnu.org/onlinedocs/gcc/Warning-Options.html#index-Wunused-parameter-Wunused-parameter]8;;[m[K]
[0.642s]     1 | int main([01;35m[Kint argc[m[K, char * argv[])
[0.642s]       |          [01;35m[K~~~~^~~~[m[K
[0.642s] [01m[K/home/dh/colcon_ws/src/hw2_pkg/src/node.cpp:1:27:[m[K [01;35m[Kwarning: [m[Kunused parameter ‘[01m[Kargv[m[K’ [[01;35m[K]8;;https://gcc.gnu.org/onlinedocs/gcc/Warning-Options.html#index-Wunused-parameter-Wunused-parameter]8;;[m[K]
[0.642s]     1 | int main(int argc, [01;35m[Kchar * argv[][m[K)
[0.642s]       |                    [01;35m[K~~~~~~~^~~~~~[m[K
[0.650s] [100%] [32m[1mLinking CXX executable hw2_pkg[0m
[0.685s] [100%] Built target hw2_pkg
[0.691s] Invoked command in '/home/dh/colcon_ws/build/hw2_pkg' returned '0': CMAKE_PREFIX_PATH=/opt/ros/humble /usr/bin/cmake --build /home/dh/colcon_ws/build/hw2_pkg -- -j8 -l8
[0.696s] Invoking command in '/home/dh/colcon_ws/build/hw2_pkg': CMAKE_PREFIX_PATH=/opt/ros/humble /usr/bin/cmake --install /home/dh/colcon_ws/build/hw2_pkg
[0.700s] -- Install configuration: ""
[0.700s] -- Installing: /home/dh/colcon_ws/install/hw2_pkg/lib/hw2_pkg/hw2_pkg
[0.700s] -- Set runtime path of "/home/dh/colcon_ws/install/hw2_pkg/lib/hw2_pkg/hw2_pkg" to ""
[0.700s] -- Installing: /home/dh/colcon_ws/install/hw2_pkg/share/ament_index/resource_index/package_run_dependencies/hw2_pkg
[0.700s] -- Installing: /home/dh/colcon_ws/install/hw2_pkg/share/ament_index/resource_index/parent_prefix_path/hw2_pkg
[0.700s] -- Installing: /home/dh/colcon_ws/install/hw2_pkg/share/hw2_pkg/environment/ament_prefix_path.sh
[0.700s] -- Installing: /home/dh/colcon_ws/install/hw2_pkg/share/hw2_pkg/environment/ament_prefix_path.dsv
[0.700s] -- Installing: /home/dh/colcon_ws/install/hw2_pkg/share/hw2_pkg/environment/path.sh
[0.700s] -- Installing: /home/dh/colcon_ws/install/hw2_pkg/share/hw2_pkg/environment/path.dsv
[0.700s] -- Installing: /home/dh/colcon_ws/install/hw2_pkg/share/hw2_pkg/local_setup.bash
[0.700s] -- Installing: /home/dh/colcon_ws/install/hw2_pkg/share/hw2_pkg/local_setup.sh
[0.700s] -- Installing: /home/dh/colcon_ws/install/hw2_pkg/share/hw2_pkg/local_setup.zsh
[0.700s] -- Installing: /home/dh/colcon_ws/install/hw2_pkg/share/hw2_pkg/local_setup.dsv
[0.700s] -- Installing: /home/dh/colcon_ws/install/hw2_pkg/share/hw2_pkg/package.dsv
[0.700s] -- Installing: /home/dh/colcon_ws/install/hw2_pkg/share/ament_index/resource_index/packages/hw2_pkg
[0.700s] -- Installing: /home/dh/colcon_ws/install/hw2_pkg/share/hw2_pkg/cmake/hw2_pkgConfig.cmake
[0.700s] -- Installing: /home/dh/colcon_ws/install/hw2_pkg/share/hw2_pkg/cmake/hw2_pkgConfig-version.cmake
[0.701s] -- Installing: /home/dh/colcon_ws/install/hw2_pkg/share/hw2_pkg/package.xml
[0.701s] Invoked command in '/home/dh/colcon_ws/build/hw2_pkg' returned '0': CMAKE_PREFIX_PATH=/opt/ros/humble /usr/bin/cmake --install /home/dh/colcon_ws/build/hw2_pkg
