[35m[1mConsolidate compiler generated dependencies of target hw2_pkg[0m
[ 50%] [32mBuilding CXX object CMakeFiles/hw2_pkg.dir/src/node.cpp.o[0m
[100%] [32m[1mLinking CXX executable hw2_pkg[0m
[100%] Built target hw2_pkg
-- Install configuration: ""
-- Installing: /home/dh/colcon_ws/install/hw2_pkg/lib/hw2_pkg/hw2_pkg
-- Set runtime path of "/home/dh/colcon_ws/install/hw2_pkg/lib/hw2_pkg/hw2_pkg" to ""
-- Up-to-date: /home/dh/colcon_ws/install/hw2_pkg/share/ament_index/resource_index/package_run_dependencies/hw2_pkg
-- Up-to-date: /home/dh/colcon_ws/install/hw2_pkg/share/ament_index/resource_index/parent_prefix_path/hw2_pkg
-- Up-to-date: /home/dh/colcon_ws/install/hw2_pkg/share/hw2_pkg/environment/ament_prefix_path.sh
-- Up-to-date: /home/dh/colcon_ws/install/hw2_pkg/share/hw2_pkg/environment/ament_prefix_path.dsv
-- Up-to-date: /home/dh/colcon_ws/install/hw2_pkg/share/hw2_pkg/environment/path.sh
-- Up-to-date: /home/dh/colcon_ws/install/hw2_pkg/share/hw2_pkg/environment/path.dsv
-- Up-to-date: /home/dh/colcon_ws/install/hw2_pkg/share/hw2_pkg/local_setup.bash
-- Up-to-date: /home/dh/colcon_ws/install/hw2_pkg/share/hw2_pkg/local_setup.sh
-- Up-to-date: /home/dh/colcon_ws/install/hw2_pkg/share/hw2_pkg/local_setup.zsh
-- Up-to-date: /home/dh/colcon_ws/install/hw2_pkg/share/hw2_pkg/local_setup.dsv
-- Installing: /home/dh/colcon_ws/install/hw2_pkg/share/hw2_pkg/package.dsv
-- Up-to-date: /home/dh/colcon_ws/install/hw2_pkg/share/ament_index/resource_index/packages/hw2_pkg
-- Up-to-date: /home/dh/colcon_ws/install/hw2_pkg/share/hw2_pkg/cmake/hw2_pkgConfig.cmake
-- Up-to-date: /home/dh/colcon_ws/install/hw2_pkg/share/hw2_pkg/cmake/hw2_pkgConfig-version.cmake
-- Up-to-date: /home/dh/colcon_ws/install/hw2_pkg/share/hw2_pkg/package.xml
